[10-09-2016 22:06:12] - Undefined variable: leftMenu in D:\Roman\PHPProjects\Specialist\1.Level.local\index.php:8

[10-09-2016 22:06:12] - Undefined variable: leftMenu in D:\Roman\PHPProjects\Specialist\1.Level.local\inc\menu.inc.php:4

[10-09-2016 22:06:12] - Извините, что то пошло не так... in D:\Roman\PHPProjects\Specialist\1.Level.local\inc\menu.inc.php:5

[10-09-2016 22:06:12] - Undefined variable: leftMenu in D:\Roman\PHPProjects\Specialist\1.Level.local\inc\bottom.inc.php:2

[11-09-2016 13:19:48] - Undefined variable: leftMenu in D:\Roman\PHPProjects\Specialist\1.Level.local\index.php:8

[11-09-2016 13:19:48] - Undefined variable: leftMenu in D:\Roman\PHPProjects\Specialist\1.Level.local\inc\menu.inc.php:4

[11-09-2016 13:19:48] - Извините, что то пошло не так... in D:\Roman\PHPProjects\Specialist\1.Level.local\inc\menu.inc.php:5

[11-09-2016 13:19:48] - Undefined variable: leftMenu in D:\Roman\PHPProjects\Specialist\1.Level.local\inc\bottom.inc.php:2

[11-09-2016 13:20:03] - Undefined variable: leftMenu in D:\Roman\PHPProjects\Specialist\1.Level.local\index.php:8

[11-09-2016 13:20:03] - Undefined variable: leftMenu in D:\Roman\PHPProjects\Specialist\1.Level.local\inc\menu.inc.php:4

[11-09-2016 13:20:03] - Извините, что то пошло не так... in D:\Roman\PHPProjects\Specialist\1.Level.local\inc\menu.inc.php:5

[11-09-2016 13:20:03] - Undefined variable: leftMenu in D:\Roman\PHPProjects\Specialist\1.Level.local\inc\bottom.inc.php:2

[11-09-2016 13:21:40] - Undefined variable: leftMenu in D:\Roman\PHPProjects\Specialist\1.Level.local\index.php:8

[11-09-2016 13:21:40] - Undefined variable: leftMenu in D:\Roman\PHPProjects\Specialist\1.Level.local\inc\menu.inc.php:4

[11-09-2016 13:21:40] - Извините, что то пошло не так... in D:\Roman\PHPProjects\Specialist\1.Level.local\inc\menu.inc.php:5

[11-09-2016 13:21:40] - Undefined variable: leftMenu in D:\Roman\PHPProjects\Specialist\1.Level.local\inc\bottom.inc.php:2

[11-09-2016 13:21:42] - Undefined variable: leftMenu in D:\Roman\PHPProjects\Specialist\1.Level.local\index.php:8

[11-09-2016 13:21:42] - Undefined variable: leftMenu in D:\Roman\PHPProjects\Specialist\1.Level.local\inc\menu.inc.php:4

[11-09-2016 13:21:42] - Извините, что то пошло не так... in D:\Roman\PHPProjects\Specialist\1.Level.local\inc\menu.inc.php:5

[11-09-2016 13:21:42] - Undefined variable: leftMenu in D:\Roman\PHPProjects\Specialist\1.Level.local\inc\bottom.inc.php:2

[11-09-2016 13:31:09] - Undefined variable: leftMenu in D:\Roman\PHPProjects\Specialist\1.Level.local\index.php:8

[11-09-2016 13:31:09] - Undefined variable: leftMenu in D:\Roman\PHPProjects\Specialist\1.Level.local\inc\menu.inc.php:4

[11-09-2016 13:31:09] - Извините, что то пошло не так... in D:\Roman\PHPProjects\Specialist\1.Level.local\inc\menu.inc.php:5

[11-09-2016 13:31:09] - Undefined variable: leftMenu in D:\Roman\PHPProjects\Specialist\1.Level.local\inc\bottom.inc.php:2

[11-09-2016 13:31:10] - Undefined variable: leftMenu in D:\Roman\PHPProjects\Specialist\1.Level.local\index.php:8

[11-09-2016 13:31:10] - Undefined variable: leftMenu in D:\Roman\PHPProjects\Specialist\1.Level.local\inc\menu.inc.php:4

[11-09-2016 13:31:10] - Извините, что то пошло не так... in D:\Roman\PHPProjects\Specialist\1.Level.local\inc\menu.inc.php:5

[11-09-2016 13:31:10] - Undefined variable: leftMenu in D:\Roman\PHPProjects\Specialist\1.Level.local\inc\bottom.inc.php:2

[11-09-2016 13:31:10] - Undefined variable: leftMenu in D:\Roman\PHPProjects\Specialist\1.Level.local\index.php:8

[11-09-2016 13:31:10] - Undefined variable: leftMenu in D:\Roman\PHPProjects\Specialist\1.Level.local\inc\menu.inc.php:4

[11-09-2016 13:31:10] - Извините, что то пошло не так... in D:\Roman\PHPProjects\Specialist\1.Level.local\inc\menu.inc.php:5

[11-09-2016 13:31:10] - Undefined variable: leftMenu in D:\Roman\PHPProjects\Specialist\1.Level.local\inc\bottom.inc.php:2

[11-09-2016 13:31:11] - Undefined variable: leftMenu in D:\Roman\PHPProjects\Specialist\1.Level.local\index.php:8

[11-09-2016 13:31:11] - Undefined variable: leftMenu in D:\Roman\PHPProjects\Specialist\1.Level.local\inc\menu.inc.php:4

[11-09-2016 13:31:11] - Извините, что то пошло не так... in D:\Roman\PHPProjects\Specialist\1.Level.local\inc\menu.inc.php:5

[11-09-2016 13:31:11] - Undefined variable: leftMenu in D:\Roman\PHPProjects\Specialist\1.Level.local\inc\bottom.inc.php:2

[11-09-2016 13:32:49] - Use of undefined constant href - assumed 'href' in D:\Roman\PHPProjects\Specialist\1.Level.local\inc\lib.inc.php:25

[11-09-2016 13:32:49] - Use of undefined constant link - assumed 'link' in D:\Roman\PHPProjects\Specialist\1.Level.local\inc\lib.inc.php:25

[11-09-2016 13:32:49] - Use of undefined constant href - assumed 'href' in D:\Roman\PHPProjects\Specialist\1.Level.local\inc\lib.inc.php:25

[11-09-2016 13:32:49] - Use of undefined constant link - assumed 'link' in D:\Roman\PHPProjects\Specialist\1.Level.local\inc\lib.inc.php:25

[11-09-2016 13:32:49] - Use of undefined constant href - assumed 'href' in D:\Roman\PHPProjects\Specialist\1.Level.local\inc\lib.inc.php:25

[11-09-2016 13:32:49] - Use of undefined constant link - assumed 'link' in D:\Roman\PHPProjects\Specialist\1.Level.local\inc\lib.inc.php:25

[11-09-2016 13:32:49] - Use of undefined constant href - assumed 'href' in D:\Roman\PHPProjects\Specialist\1.Level.local\inc\lib.inc.php:25

[11-09-2016 13:32:49] - Use of undefined constant link - assumed 'link' in D:\Roman\PHPProjects\Specialist\1.Level.local\inc\lib.inc.php:25

[11-09-2016 13:32:49] - Use of undefined constant href - assumed 'href' in D:\Roman\PHPProjects\Specialist\1.Level.local\inc\lib.inc.php:25

[11-09-2016 13:32:49] - Use of undefined constant link - assumed 'link' in D:\Roman\PHPProjects\Specialist\1.Level.local\inc\lib.inc.php:25

[11-09-2016 13:32:49] - Use of undefined constant href - assumed 'href' in D:\Roman\PHPProjects\Specialist\1.Level.local\inc\lib.inc.php:25

[11-09-2016 13:32:49] - Use of undefined constant link - assumed 'link' in D:\Roman\PHPProjects\Specialist\1.Level.local\inc\lib.inc.php:25

[11-09-2016 13:32:49] - Use of undefined constant href - assumed 'href' in D:\Roman\PHPProjects\Specialist\1.Level.local\inc\lib.inc.php:25

[11-09-2016 13:32:49] - Use of undefined constant link - assumed 'link' in D:\Roman\PHPProjects\Specialist\1.Level.local\inc\lib.inc.php:25

[11-09-2016 13:32:49] - Use of undefined constant href - assumed 'href' in D:\Roman\PHPProjects\Specialist\1.Level.local\inc\lib.inc.php:25

[11-09-2016 13:32:49] - Use of undefined constant link - assumed 'link' in D:\Roman\PHPProjects\Specialist\1.Level.local\inc\lib.inc.php:25

[11-09-2016 13:32:49] - Use of undefined constant href - assumed 'href' in D:\Roman\PHPProjects\Specialist\1.Level.local\inc\lib.inc.php:25

[11-09-2016 13:32:49] - Use of undefined constant link - assumed 'link' in D:\Roman\PHPProjects\Specialist\1.Level.local\inc\lib.inc.php:25

[11-09-2016 13:32:49] - Use of undefined constant href - assumed 'href' in D:\Roman\PHPProjects\Specialist\1.Level.local\inc\lib.inc.php:25

[11-09-2016 13:32:49] - Use of undefined constant link - assumed 'link' in D:\Roman\PHPProjects\Specialist\1.Level.local\inc\lib.inc.php:25

[11-09-2016 13:32:51] - Use of undefined constant href - assumed 'href' in D:\Roman\PHPProjects\Specialist\1.Level.local\inc\lib.inc.php:25

[11-09-2016 13:32:51] - Use of undefined constant link - assumed 'link' in D:\Roman\PHPProjects\Specialist\1.Level.local\inc\lib.inc.php:25

[11-09-2016 13:32:51] - Use of undefined constant href - assumed 'href' in D:\Roman\PHPProjects\Specialist\1.Level.local\inc\lib.inc.php:25

[11-09-2016 13:32:51] - Use of undefined constant link - assumed 'link' in D:\Roman\PHPProjects\Specialist\1.Level.local\inc\lib.inc.php:25

[11-09-2016 13:32:51] - Use of undefined constant href - assumed 'href' in D:\Roman\PHPProjects\Specialist\1.Level.local\inc\lib.inc.php:25

[11-09-2016 13:32:51] - Use of undefined constant link - assumed 'link' in D:\Roman\PHPProjects\Specialist\1.Level.local\inc\lib.inc.php:25

[11-09-2016 13:32:51] - Use of undefined constant href - assumed 'href' in D:\Roman\PHPProjects\Specialist\1.Level.local\inc\lib.inc.php:25

[11-09-2016 13:32:51] - Use of undefined constant link - assumed 'link' in D:\Roman\PHPProjects\Specialist\1.Level.local\inc\lib.inc.php:25

[11-09-2016 13:32:51] - Use of undefined constant href - assumed 'href' in D:\Roman\PHPProjects\Specialist\1.Level.local\inc\lib.inc.php:25

[11-09-2016 13:32:51] - Use of undefined constant link - assumed 'link' in D:\Roman\PHPProjects\Specialist\1.Level.local\inc\lib.inc.php:25

[11-09-2016 13:32:51] - Use of undefined constant href - assumed 'href' in D:\Roman\PHPProjects\Specialist\1.Level.local\inc\lib.inc.php:25

[11-09-2016 13:32:51] - Use of undefined constant link - assumed 'link' in D:\Roman\PHPProjects\Specialist\1.Level.local\inc\lib.inc.php:25

[11-09-2016 13:32:51] - Use of undefined constant href - assumed 'href' in D:\Roman\PHPProjects\Specialist\1.Level.local\inc\lib.inc.php:25

[11-09-2016 13:32:51] - Use of undefined constant link - assumed 'link' in D:\Roman\PHPProjects\Specialist\1.Level.local\inc\lib.inc.php:25

[11-09-2016 13:32:51] - Use of undefined constant href - assumed 'href' in D:\Roman\PHPProjects\Specialist\1.Level.local\inc\lib.inc.php:25

[11-09-2016 13:32:51] - Use of undefined constant link - assumed 'link' in D:\Roman\PHPProjects\Specialist\1.Level.local\inc\lib.inc.php:25

[11-09-2016 13:32:51] - Use of undefined constant href - assumed 'href' in D:\Roman\PHPProjects\Specialist\1.Level.local\inc\lib.inc.php:25

[11-09-2016 13:32:51] - Use of undefined constant link - assumed 'link' in D:\Roman\PHPProjects\Specialist\1.Level.local\inc\lib.inc.php:25

[11-09-2016 13:32:51] - Use of undefined constant href - assumed 'href' in D:\Roman\PHPProjects\Specialist\1.Level.local\inc\lib.inc.php:25

[11-09-2016 13:32:51] - Use of undefined constant link - assumed 'link' in D:\Roman\PHPProjects\Specialist\1.Level.local\inc\lib.inc.php:25

[11-09-2016 13:35:00] - Use of undefined constant href - assumed 'href' in D:\Roman\PHPProjects\Specialist\1.Level.local\inc\lib.inc.php:25

[11-09-2016 13:35:00] - Use of undefined constant link - assumed 'link' in D:\Roman\PHPProjects\Specialist\1.Level.local\inc\lib.inc.php:25

[11-09-2016 13:35:00] - Use of undefined constant href - assumed 'href' in D:\Roman\PHPProjects\Specialist\1.Level.local\inc\lib.inc.php:25

[11-09-2016 13:35:00] - Use of undefined constant link - assumed 'link' in D:\Roman\PHPProjects\Specialist\1.Level.local\inc\lib.inc.php:25

[11-09-2016 13:35:00] - Use of undefined constant href - assumed 'href' in D:\Roman\PHPProjects\Specialist\1.Level.local\inc\lib.inc.php:25

[11-09-2016 13:35:00] - Use of undefined constant link - assumed 'link' in D:\Roman\PHPProjects\Specialist\1.Level.local\inc\lib.inc.php:25

[11-09-2016 13:35:00] - Use of undefined constant href - assumed 'href' in D:\Roman\PHPProjects\Specialist\1.Level.local\inc\lib.inc.php:25

[11-09-2016 13:35:00] - Use of undefined constant link - assumed 'link' in D:\Roman\PHPProjects\Specialist\1.Level.local\inc\lib.inc.php:25

[11-09-2016 13:35:00] - Use of undefined constant href - assumed 'href' in D:\Roman\PHPProjects\Specialist\1.Level.local\inc\lib.inc.php:25

[11-09-2016 13:35:00] - Use of undefined constant link - assumed 'link' in D:\Roman\PHPProjects\Specialist\1.Level.local\inc\lib.inc.php:25

[11-09-2016 13:35:00] - Use of undefined constant href - assumed 'href' in D:\Roman\PHPProjects\Specialist\1.Level.local\inc\lib.inc.php:25

[11-09-2016 13:35:00] - Use of undefined constant link - assumed 'link' in D:\Roman\PHPProjects\Specialist\1.Level.local\inc\lib.inc.php:25

[11-09-2016 13:35:00] - Use of undefined constant href - assumed 'href' in D:\Roman\PHPProjects\Specialist\1.Level.local\inc\lib.inc.php:25

[11-09-2016 13:35:00] - Use of undefined constant link - assumed 'link' in D:\Roman\PHPProjects\Specialist\1.Level.local\inc\lib.inc.php:25

[11-09-2016 13:35:00] - Use of undefined constant href - assumed 'href' in D:\Roman\PHPProjects\Specialist\1.Level.local\inc\lib.inc.php:25

[11-09-2016 13:35:00] - Use of undefined constant link - assumed 'link' in D:\Roman\PHPProjects\Specialist\1.Level.local\inc\lib.inc.php:25

[11-09-2016 13:35:00] - Use of undefined constant href - assumed 'href' in D:\Roman\PHPProjects\Specialist\1.Level.local\inc\lib.inc.php:25

[11-09-2016 13:35:00] - Use of undefined constant link - assumed 'link' in D:\Roman\PHPProjects\Specialist\1.Level.local\inc\lib.inc.php:25

[11-09-2016 13:35:00] - Use of undefined constant href - assumed 'href' in D:\Roman\PHPProjects\Specialist\1.Level.local\inc\lib.inc.php:25

[11-09-2016 13:35:00] - Use of undefined constant link - assumed 'link' in D:\Roman\PHPProjects\Specialist\1.Level.local\inc\lib.inc.php:25

[11-09-2016 13:35:01] - Use of undefined constant href - assumed 'href' in D:\Roman\PHPProjects\Specialist\1.Level.local\inc\lib.inc.php:25

[11-09-2016 13:35:01] - Use of undefined constant link - assumed 'link' in D:\Roman\PHPProjects\Specialist\1.Level.local\inc\lib.inc.php:25

[11-09-2016 13:35:01] - Use of undefined constant href - assumed 'href' in D:\Roman\PHPProjects\Specialist\1.Level.local\inc\lib.inc.php:25

[11-09-2016 13:35:01] - Use of undefined constant link - assumed 'link' in D:\Roman\PHPProjects\Specialist\1.Level.local\inc\lib.inc.php:25

[11-09-2016 13:35:01] - Use of undefined constant href - assumed 'href' in D:\Roman\PHPProjects\Specialist\1.Level.local\inc\lib.inc.php:25

[11-09-2016 13:35:01] - Use of undefined constant link - assumed 'link' in D:\Roman\PHPProjects\Specialist\1.Level.local\inc\lib.inc.php:25

[11-09-2016 13:35:01] - Use of undefined constant href - assumed 'href' in D:\Roman\PHPProjects\Specialist\1.Level.local\inc\lib.inc.php:25

[11-09-2016 13:35:01] - Use of undefined constant link - assumed 'link' in D:\Roman\PHPProjects\Specialist\1.Level.local\inc\lib.inc.php:25

[11-09-2016 13:35:01] - Use of undefined constant href - assumed 'href' in D:\Roman\PHPProjects\Specialist\1.Level.local\inc\lib.inc.php:25

[11-09-2016 13:35:01] - Use of undefined constant link - assumed 'link' in D:\Roman\PHPProjects\Specialist\1.Level.local\inc\lib.inc.php:25

[11-09-2016 13:35:01] - Use of undefined constant href - assumed 'href' in D:\Roman\PHPProjects\Specialist\1.Level.local\inc\lib.inc.php:25

[11-09-2016 13:35:01] - Use of undefined constant link - assumed 'link' in D:\Roman\PHPProjects\Specialist\1.Level.local\inc\lib.inc.php:25

[11-09-2016 13:35:01] - Use of undefined constant href - assumed 'href' in D:\Roman\PHPProjects\Specialist\1.Level.local\inc\lib.inc.php:25

[11-09-2016 13:35:01] - Use of undefined constant link - assumed 'link' in D:\Roman\PHPProjects\Specialist\1.Level.local\inc\lib.inc.php:25

[11-09-2016 13:35:01] - Use of undefined constant href - assumed 'href' in D:\Roman\PHPProjects\Specialist\1.Level.local\inc\lib.inc.php:25

[11-09-2016 13:35:01] - Use of undefined constant link - assumed 'link' in D:\Roman\PHPProjects\Specialist\1.Level.local\inc\lib.inc.php:25

[11-09-2016 13:35:01] - Use of undefined constant href - assumed 'href' in D:\Roman\PHPProjects\Specialist\1.Level.local\inc\lib.inc.php:25

[11-09-2016 13:35:01] - Use of undefined constant link - assumed 'link' in D:\Roman\PHPProjects\Specialist\1.Level.local\inc\lib.inc.php:25

[11-09-2016 13:35:01] - Use of undefined constant href - assumed 'href' in D:\Roman\PHPProjects\Specialist\1.Level.local\inc\lib.inc.php:25

[11-09-2016 13:35:01] - Use of undefined constant link - assumed 'link' in D:\Roman\PHPProjects\Specialist\1.Level.local\inc\lib.inc.php:25

[11-09-2016 13:35:07] - Use of undefined constant href - assumed 'href' in D:\Roman\PHPProjects\Specialist\1.Level.local\inc\lib.inc.php:25

[11-09-2016 13:35:07] - Use of undefined constant link - assumed 'link' in D:\Roman\PHPProjects\Specialist\1.Level.local\inc\lib.inc.php:25

[11-09-2016 13:35:07] - Use of undefined constant href - assumed 'href' in D:\Roman\PHPProjects\Specialist\1.Level.local\inc\lib.inc.php:25

[11-09-2016 13:35:07] - Use of undefined constant link - assumed 'link' in D:\Roman\PHPProjects\Specialist\1.Level.local\inc\lib.inc.php:25

[11-09-2016 13:35:07] - Use of undefined constant href - assumed 'href' in D:\Roman\PHPProjects\Specialist\1.Level.local\inc\lib.inc.php:25

[11-09-2016 13:35:07] - Use of undefined constant link - assumed 'link' in D:\Roman\PHPProjects\Specialist\1.Level.local\inc\lib.inc.php:25

[11-09-2016 13:35:07] - Use of undefined constant href - assumed 'href' in D:\Roman\PHPProjects\Specialist\1.Level.local\inc\lib.inc.php:25

[11-09-2016 13:35:07] - Use of undefined constant link - assumed 'link' in D:\Roman\PHPProjects\Specialist\1.Level.local\inc\lib.inc.php:25

[11-09-2016 13:35:07] - Use of undefined constant href - assumed 'href' in D:\Roman\PHPProjects\Specialist\1.Level.local\inc\lib.inc.php:25

[11-09-2016 13:35:07] - Use of undefined constant link - assumed 'link' in D:\Roman\PHPProjects\Specialist\1.Level.local\inc\lib.inc.php:25

[11-09-2016 13:35:07] - Use of undefined constant href - assumed 'href' in D:\Roman\PHPProjects\Specialist\1.Level.local\inc\lib.inc.php:25

[11-09-2016 13:35:07] - Use of undefined constant link - assumed 'link' in D:\Roman\PHPProjects\Specialist\1.Level.local\inc\lib.inc.php:25

[11-09-2016 13:35:07] - Use of undefined constant href - assumed 'href' in D:\Roman\PHPProjects\Specialist\1.Level.local\inc\lib.inc.php:25

[11-09-2016 13:35:07] - Use of undefined constant link - assumed 'link' in D:\Roman\PHPProjects\Specialist\1.Level.local\inc\lib.inc.php:25

[11-09-2016 13:35:07] - Use of undefined constant href - assumed 'href' in D:\Roman\PHPProjects\Specialist\1.Level.local\inc\lib.inc.php:25

[11-09-2016 13:35:07] - Use of undefined constant link - assumed 'link' in D:\Roman\PHPProjects\Specialist\1.Level.local\inc\lib.inc.php:25

[11-09-2016 13:35:07] - Use of undefined constant href - assumed 'href' in D:\Roman\PHPProjects\Specialist\1.Level.local\inc\lib.inc.php:25

[11-09-2016 13:35:07] - Use of undefined constant link - assumed 'link' in D:\Roman\PHPProjects\Specialist\1.Level.local\inc\lib.inc.php:25

[11-09-2016 13:35:07] - Use of undefined constant href - assumed 'href' in D:\Roman\PHPProjects\Specialist\1.Level.local\inc\lib.inc.php:25

[11-09-2016 13:35:07] - Use of undefined constant link - assumed 'link' in D:\Roman\PHPProjects\Specialist\1.Level.local\inc\lib.inc.php:25

[11-09-2016 13:35:19] - Use of undefined constant href - assumed 'href' in D:\Roman\PHPProjects\Specialist\1.Level.local\inc\lib.inc.php:25

[11-09-2016 13:35:19] - Use of undefined constant link - assumed 'link' in D:\Roman\PHPProjects\Specialist\1.Level.local\inc\lib.inc.php:25

[11-09-2016 13:35:19] - Use of undefined constant href - assumed 'href' in D:\Roman\PHPProjects\Specialist\1.Level.local\inc\lib.inc.php:25

[11-09-2016 13:35:19] - Use of undefined constant link - assumed 'link' in D:\Roman\PHPProjects\Specialist\1.Level.local\inc\lib.inc.php:25

[11-09-2016 13:35:19] - Use of undefined constant href - assumed 'href' in D:\Roman\PHPProjects\Specialist\1.Level.local\inc\lib.inc.php:25

[11-09-2016 13:35:19] - Use of undefined constant link - assumed 'link' in D:\Roman\PHPProjects\Specialist\1.Level.local\inc\lib.inc.php:25

[11-09-2016 13:35:19] - Use of undefined constant href - assumed 'href' in D:\Roman\PHPProjects\Specialist\1.Level.local\inc\lib.inc.php:25

[11-09-2016 13:35:19] - Use of undefined constant link - assumed 'link' in D:\Roman\PHPProjects\Specialist\1.Level.local\inc\lib.inc.php:25

[11-09-2016 13:35:19] - Use of undefined constant href - assumed 'href' in D:\Roman\PHPProjects\Specialist\1.Level.local\inc\lib.inc.php:25

[11-09-2016 13:35:19] - Use of undefined constant link - assumed 'link' in D:\Roman\PHPProjects\Specialist\1.Level.local\inc\lib.inc.php:25

[11-09-2016 13:35:19] - Use of undefined constant href - assumed 'href' in D:\Roman\PHPProjects\Specialist\1.Level.local\inc\lib.inc.php:25

[11-09-2016 13:35:19] - Use of undefined constant link - assumed 'link' in D:\Roman\PHPProjects\Specialist\1.Level.local\inc\lib.inc.php:25

[11-09-2016 13:35:19] - Use of undefined constant href - assumed 'href' in D:\Roman\PHPProjects\Specialist\1.Level.local\inc\lib.inc.php:25

[11-09-2016 13:35:19] - Use of undefined constant link - assumed 'link' in D:\Roman\PHPProjects\Specialist\1.Level.local\inc\lib.inc.php:25

[11-09-2016 13:35:19] - Use of undefined constant href - assumed 'href' in D:\Roman\PHPProjects\Specialist\1.Level.local\inc\lib.inc.php:25

[11-09-2016 13:35:19] - Use of undefined constant link - assumed 'link' in D:\Roman\PHPProjects\Specialist\1.Level.local\inc\lib.inc.php:25

[11-09-2016 13:35:19] - Use of undefined constant href - assumed 'href' in D:\Roman\PHPProjects\Specialist\1.Level.local\inc\lib.inc.php:25

[11-09-2016 13:35:19] - Use of undefined constant link - assumed 'link' in D:\Roman\PHPProjects\Specialist\1.Level.local\inc\lib.inc.php:25

[11-09-2016 13:35:19] - Use of undefined constant href - assumed 'href' in D:\Roman\PHPProjects\Specialist\1.Level.local\inc\lib.inc.php:25

[11-09-2016 13:35:19] - Use of undefined constant link - assumed 'link' in D:\Roman\PHPProjects\Specialist\1.Level.local\inc\lib.inc.php:25

[11-09-2016 13:35:24] - Use of undefined constant href - assumed 'href' in D:\Roman\PHPProjects\Specialist\1.Level.local\inc\lib.inc.php:25

[11-09-2016 13:35:24] - Use of undefined constant link - assumed 'link' in D:\Roman\PHPProjects\Specialist\1.Level.local\inc\lib.inc.php:25

[11-09-2016 13:35:24] - Use of undefined constant href - assumed 'href' in D:\Roman\PHPProjects\Specialist\1.Level.local\inc\lib.inc.php:25

[11-09-2016 13:35:24] - Use of undefined constant link - assumed 'link' in D:\Roman\PHPProjects\Specialist\1.Level.local\inc\lib.inc.php:25

[11-09-2016 13:35:24] - Use of undefined constant href - assumed 'href' in D:\Roman\PHPProjects\Specialist\1.Level.local\inc\lib.inc.php:25

[11-09-2016 13:35:24] - Use of undefined constant link - assumed 'link' in D:\Roman\PHPProjects\Specialist\1.Level.local\inc\lib.inc.php:25

[11-09-2016 13:35:24] - Use of undefined constant href - assumed 'href' in D:\Roman\PHPProjects\Specialist\1.Level.local\inc\lib.inc.php:25

[11-09-2016 13:35:24] - Use of undefined constant link - assumed 'link' in D:\Roman\PHPProjects\Specialist\1.Level.local\inc\lib.inc.php:25

[11-09-2016 13:35:24] - Use of undefined constant href - assumed 'href' in D:\Roman\PHPProjects\Specialist\1.Level.local\inc\lib.inc.php:25

[11-09-2016 13:35:24] - Use of undefined constant link - assumed 'link' in D:\Roman\PHPProjects\Specialist\1.Level.local\inc\lib.inc.php:25

[11-09-2016 13:35:24] - Use of undefined constant href - assumed 'href' in D:\Roman\PHPProjects\Specialist\1.Level.local\inc\lib.inc.php:25

[11-09-2016 13:35:24] - Use of undefined constant link - assumed 'link' in D:\Roman\PHPProjects\Specialist\1.Level.local\inc\lib.inc.php:25

[11-09-2016 13:35:24] - Use of undefined constant href - assumed 'href' in D:\Roman\PHPProjects\Specialist\1.Level.local\inc\lib.inc.php:25

[11-09-2016 13:35:24] - Use of undefined constant link - assumed 'link' in D:\Roman\PHPProjects\Specialist\1.Level.local\inc\lib.inc.php:25

[11-09-2016 13:35:24] - Use of undefined constant href - assumed 'href' in D:\Roman\PHPProjects\Specialist\1.Level.local\inc\lib.inc.php:25

[11-09-2016 13:35:24] - Use of undefined constant link - assumed 'link' in D:\Roman\PHPProjects\Specialist\1.Level.local\inc\lib.inc.php:25

[11-09-2016 13:35:24] - Use of undefined constant href - assumed 'href' in D:\Roman\PHPProjects\Specialist\1.Level.local\inc\lib.inc.php:25

[11-09-2016 13:35:24] - Use of undefined constant link - assumed 'link' in D:\Roman\PHPProjects\Specialist\1.Level.local\inc\lib.inc.php:25

[11-09-2016 13:35:24] - Use of undefined constant href - assumed 'href' in D:\Roman\PHPProjects\Specialist\1.Level.local\inc\lib.inc.php:25

[11-09-2016 13:35:24] - Use of undefined constant link - assumed 'link' in D:\Roman\PHPProjects\Specialist\1.Level.local\inc\lib.inc.php:25

[11-09-2016 14:18:24] - Undefined variable: leftMenu in D:\Roman\PHPProjects\Specialist\1.Level.local\index.php:8

[11-09-2016 14:18:24] - Undefined variable: leftMenu in D:\Roman\PHPProjects\Specialist\1.Level.local\inc\menu.inc.php:6

[11-09-2016 14:18:24] - Извините, что то пошло не так... in D:\Roman\PHPProjects\Specialist\1.Level.local\inc\menu.inc.php:7

[11-09-2016 14:18:24] - Undefined variable: leftMenu in D:\Roman\PHPProjects\Specialist\1.Level.local\inc\bottom.inc.php:2

[11-09-2016 16:12:52] - Undefined index: id in D:\Roman\PHPProjects\Specialist\1.Level.local\index.php:32

[11-09-2016 16:12:52] - include(index.inc.php): failed to open stream: No such file or directory in D:\Roman\PHPProjects\Specialist\1.Level.local\index.php:91

[11-09-2016 16:12:52] - include(): Failed opening 'index.inc.php' for inclusion (include_path='.;d:/programs/openserver/modules/php/PHP-5.6-x64;d:/programs/openserver/modules/php/PHP-5.6-x64/PEAR/pear') in D:\Roman\PHPProjects\Specialist\1.Level.local\index.php:91

[11-09-2016 16:12:55] - Undefined index: id in D:\Roman\PHPProjects\Specialist\1.Level.local\index.php:32

[11-09-2016 16:12:55] - include(index.inc.php): failed to open stream: No such file or directory in D:\Roman\PHPProjects\Specialist\1.Level.local\index.php:91

[11-09-2016 16:12:55] - include(): Failed opening 'index.inc.php' for inclusion (include_path='.;d:/programs/openserver/modules/php/PHP-5.6-x64;d:/programs/openserver/modules/php/PHP-5.6-x64/PEAR/pear') in D:\Roman\PHPProjects\Specialist\1.Level.local\index.php:91

[11-09-2016 16:13:16] - Undefined index: id in D:\Roman\PHPProjects\Specialist\1.Level.local\index.php:32

[11-09-2016 16:13:16] - include(index.inc.php): failed to open stream: No such file or directory in D:\Roman\PHPProjects\Specialist\1.Level.local\index.php:91

[11-09-2016 16:13:16] - include(): Failed opening 'index.inc.php' for inclusion (include_path='.;d:/programs/openserver/modules/php/PHP-5.6-x64;d:/programs/openserver/modules/php/PHP-5.6-x64/PEAR/pear') in D:\Roman\PHPProjects\Specialist\1.Level.local\index.php:91

[11-09-2016 16:15:04] - Undefined index: id in D:\Roman\PHPProjects\Specialist\1.Level.local\index.php:32

[11-09-2016 16:15:04] - include(index.inc.php): failed to open stream: No such file or directory in D:\Roman\PHPProjects\Specialist\1.Level.local\index.php:91

[11-09-2016 16:15:04] - include(): Failed opening 'index.inc.php' for inclusion (include_path='.;d:/programs/openserver/modules/php/PHP-5.6-x64;d:/programs/openserver/modules/php/PHP-5.6-x64/PEAR/pear') in D:\Roman\PHPProjects\Specialist\1.Level.local\index.php:91

[11-09-2016 16:15:06] - Undefined index: id in D:\Roman\PHPProjects\Specialist\1.Level.local\index.php:32

[11-09-2016 16:15:06] - include(index.inc.php): failed to open stream: No such file or directory in D:\Roman\PHPProjects\Specialist\1.Level.local\index.php:91

[11-09-2016 16:15:06] - include(): Failed opening 'index.inc.php' for inclusion (include_path='.;d:/programs/openserver/modules/php/PHP-5.6-x64;d:/programs/openserver/modules/php/PHP-5.6-x64/PEAR/pear') in D:\Roman\PHPProjects\Specialist\1.Level.local\index.php:91

[11-09-2016 16:15:07] - Undefined index: id in D:\Roman\PHPProjects\Specialist\1.Level.local\index.php:32

[11-09-2016 16:15:07] - include(index.inc.php): failed to open stream: No such file or directory in D:\Roman\PHPProjects\Specialist\1.Level.local\index.php:91

[11-09-2016 16:15:07] - include(): Failed opening 'index.inc.php' for inclusion (include_path='.;d:/programs/openserver/modules/php/PHP-5.6-x64;d:/programs/openserver/modules/php/PHP-5.6-x64/PEAR/pear') in D:\Roman\PHPProjects\Specialist\1.Level.local\index.php:91

[11-09-2016 16:20:13] - Undefined index: id in D:\Roman\PHPProjects\Specialist\1.Level.local\index.php:32

[11-09-2016 16:20:13] - include(index.inc.php): failed to open stream: No such file or directory in D:\Roman\PHPProjects\Specialist\1.Level.local\index.php:91

[11-09-2016 16:20:13] - include(): Failed opening 'index.inc.php' for inclusion (include_path='.;d:/programs/openserver/modules/php/PHP-5.6-x64;d:/programs/openserver/modules/php/PHP-5.6-x64/PEAR/pear') in D:\Roman\PHPProjects\Specialist\1.Level.local\index.php:91

[11-09-2016 16:20:15] - Undefined index: id in D:\Roman\PHPProjects\Specialist\1.Level.local\index.php:32

[11-09-2016 16:20:15] - include(index.inc.php): failed to open stream: No such file or directory in D:\Roman\PHPProjects\Specialist\1.Level.local\index.php:91

[11-09-2016 16:20:15] - include(): Failed opening 'index.inc.php' for inclusion (include_path='.;d:/programs/openserver/modules/php/PHP-5.6-x64;d:/programs/openserver/modules/php/PHP-5.6-x64/PEAR/pear') in D:\Roman\PHPProjects\Specialist\1.Level.local\index.php:91

[11-09-2016 16:23:07] - Undefined index: id in D:\Roman\PHPProjects\Specialist\1.Level.local\index.php:32

[11-09-2016 16:23:07] - include(index.inc.php): failed to open stream: No such file or directory in D:\Roman\PHPProjects\Specialist\1.Level.local\index.php:91

[11-09-2016 16:23:07] - include(): Failed opening 'index.inc.php' for inclusion (include_path='.;d:/programs/openserver/modules/php/PHP-5.6-x64;d:/programs/openserver/modules/php/PHP-5.6-x64/PEAR/pear') in D:\Roman\PHPProjects\Specialist\1.Level.local\index.php:91

[11-09-2016 16:23:08] - Undefined index: id in D:\Roman\PHPProjects\Specialist\1.Level.local\index.php:32

[11-09-2016 16:23:08] - include(index.inc.php): failed to open stream: No such file or directory in D:\Roman\PHPProjects\Specialist\1.Level.local\index.php:91

[11-09-2016 16:23:08] - include(): Failed opening 'index.inc.php' for inclusion (include_path='.;d:/programs/openserver/modules/php/PHP-5.6-x64;d:/programs/openserver/modules/php/PHP-5.6-x64/PEAR/pear') in D:\Roman\PHPProjects\Specialist\1.Level.local\index.php:91

[11-09-2016 16:24:04] - Undefined index: id in D:\Roman\PHPProjects\Specialist\1.Level.local\index.php:32

[11-09-2016 16:24:04] - include(index.inc.php): failed to open stream: No such file or directory in D:\Roman\PHPProjects\Specialist\1.Level.local\index.php:91

[11-09-2016 16:24:04] - include(): Failed opening 'index.inc.php' for inclusion (include_path='.;d:/programs/openserver/modules/php/PHP-5.6-x64;d:/programs/openserver/modules/php/PHP-5.6-x64/PEAR/pear') in D:\Roman\PHPProjects\Specialist\1.Level.local\index.php:91

[11-09-2016 16:31:53] - Undefined index: id in D:\Roman\PHPProjects\Specialist\1.Level.local\index.php:32

[11-09-2016 16:31:53] - include(index.inc.php): failed to open stream: No such file or directory in D:\Roman\PHPProjects\Specialist\1.Level.local\index.php:91

[11-09-2016 16:31:53] - include(): Failed opening 'index.inc.php' for inclusion (include_path='.;d:/programs/openserver/modules/php/PHP-5.6-x64;d:/programs/openserver/modules/php/PHP-5.6-x64/PEAR/pear') in D:\Roman\PHPProjects\Specialist\1.Level.local\index.php:91

[11-09-2016 16:33:25] - Undefined index: id in D:\Roman\PHPProjects\Specialist\1.Level.local\index.php:32

[11-09-2016 16:33:42] - Undefined index: id in D:\Roman\PHPProjects\Specialist\1.Level.local\index.php:32

[11-09-2016 16:33:48] - Undefined index: id in D:\Roman\PHPProjects\Specialist\1.Level.local\index.php:32

[11-09-2016 16:35:08] - Undefined index: id in D:\Roman\PHPProjects\Specialist\1.Level.local\index.php:32

[11-09-2016 16:35:51] - Undefined index: id in D:\Roman\PHPProjects\Specialist\1.Level.local\index.php:32

[11-09-2016 16:37:12] - Undefined index: id in D:\Roman\PHPProjects\Specialist\1.Level.local\index.php:32

[11-09-2016 16:38:24] - Undefined index: id in D:\Roman\PHPProjects\Specialist\1.Level.local\index.php:32

[11-09-2016 16:40:57] - Undefined index: id in D:\Roman\PHPProjects\Specialist\1.Level.local\index.php:32

[11-09-2016 16:40:58] - Undefined index: id in D:\Roman\PHPProjects\Specialist\1.Level.local\index.php:32

[11-09-2016 16:41:31] - Undefined index: id in D:\Roman\PHPProjects\Specialist\1.Level.local\index.php:32

[11-09-2016 16:41:32] - Undefined index: id in D:\Roman\PHPProjects\Specialist\1.Level.local\index.php:32

[11-09-2016 16:41:33] - Undefined index: id in D:\Roman\PHPProjects\Specialist\1.Level.local\index.php:32

[11-09-2016 16:45:29] - Undefined index: id in D:\Roman\PHPProjects\Specialist\1.Level.local\index.php:32

[11-09-2016 16:45:30] - Undefined index: id in D:\Roman\PHPProjects\Specialist\1.Level.local\index.php:32

[11-09-2016 16:45:31] - Undefined index: id in D:\Roman\PHPProjects\Specialist\1.Level.local\index.php:32

[11-09-2016 16:45:36] - Undefined index: id in D:\Roman\PHPProjects\Specialist\1.Level.local\index.php:32

[11-09-2016 16:46:10] - Undefined index: id in D:\Roman\PHPProjects\Specialist\1.Level.local\index.php:32

[11-09-2016 16:46:34] - Undefined index: id in D:\Roman\PHPProjects\Specialist\1.Level.local\index.php:32

[11-09-2016 16:46:35] - Undefined index: id in D:\Roman\PHPProjects\Specialist\1.Level.local\index.php:32

[11-09-2016 16:47:22] - Undefined index: id in D:\Roman\PHPProjects\Specialist\1.Level.local\index.php:32

[11-09-2016 16:47:23] - Undefined index: id in D:\Roman\PHPProjects\Specialist\1.Level.local\index.php:32

[11-09-2016 16:47:23] - Undefined index: id in D:\Roman\PHPProjects\Specialist\1.Level.local\index.php:32

[11-09-2016 16:47:24] - Undefined index: id in D:\Roman\PHPProjects\Specialist\1.Level.local\index.php:32

[11-09-2016 16:47:24] - Undefined index: id in D:\Roman\PHPProjects\Specialist\1.Level.local\index.php:32

[11-09-2016 16:47:25] - Undefined index: id in D:\Roman\PHPProjects\Specialist\1.Level.local\index.php:32

[11-09-2016 16:49:09] - Undefined index: id in D:\Roman\PHPProjects\Specialist\1.Level.local\index.php:32

[11-09-2016 16:49:09] - Undefined variable: title in D:\Roman\PHPProjects\Specialist\1.Level.local\index.php:60

[11-09-2016 16:49:09] - Undefined variable: header in D:\Roman\PHPProjects\Specialist\1.Level.local\index.php:77

[11-09-2016 16:49:10] - Undefined index: id in D:\Roman\PHPProjects\Specialist\1.Level.local\index.php:32

[11-09-2016 16:49:10] - Undefined variable: title in D:\Roman\PHPProjects\Specialist\1.Level.local\index.php:60

[11-09-2016 16:49:10] - Undefined variable: header in D:\Roman\PHPProjects\Specialist\1.Level.local\index.php:77

[11-09-2016 16:49:11] - Undefined index: id in D:\Roman\PHPProjects\Specialist\1.Level.local\index.php:32

[11-09-2016 16:49:11] - Undefined variable: title in D:\Roman\PHPProjects\Specialist\1.Level.local\index.php:60

[11-09-2016 16:49:11] - Undefined variable: header in D:\Roman\PHPProjects\Specialist\1.Level.local\index.php:77

[11-09-2016 16:50:26] - Undefined index: id in D:\Roman\PHPProjects\Specialist\1.Level.local\index.php:34

[11-09-2016 16:50:28] - Undefined index: id in D:\Roman\PHPProjects\Specialist\1.Level.local\index.php:34

[11-09-2016 16:50:29] - Undefined index: id in D:\Roman\PHPProjects\Specialist\1.Level.local\index.php:34

[11-09-2016 16:50:51] - Undefined index: id in D:\Roman\PHPProjects\Specialist\1.Level.local\index.php:34

[11-09-2016 16:50:52] - Undefined index: id in D:\Roman\PHPProjects\Specialist\1.Level.local\index.php:34

[11-09-2016 16:50:53] - Undefined index: id in D:\Roman\PHPProjects\Specialist\1.Level.local\index.php:34

[11-09-2016 16:50:55] - Undefined index: id in D:\Roman\PHPProjects\Specialist\1.Level.local\index.php:34

[11-09-2016 16:54:31] - Undefined index: id in D:\Roman\PHPProjects\Specialist\1.Level.local\index.php:34

[11-09-2016 16:54:50] - Undefined index: id in D:\Roman\PHPProjects\Specialist\1.Level.local\index.php:34

[11-09-2016 16:55:31] - Undefined index: id in D:\Roman\PHPProjects\Specialist\1.Level.local\index.php:32

[11-09-2016 16:57:32] - Undefined index: id in D:\Roman\PHPProjects\Specialist\1.Level.local\index.php:32

[11-09-2016 16:57:32] - Undefined index: id in D:\Roman\PHPProjects\Specialist\1.Level.local\index.php:32

[11-09-2016 16:58:12] - Undefined index: id in D:\Roman\PHPProjects\Specialist\1.Level.local\index.php:32

[11-09-2016 16:59:50] - Undefined index: id in D:\Roman\PHPProjects\Specialist\1.Level.local\index.php:32

[11-09-2016 17:02:24] - Undefined index: id in D:\Roman\PHPProjects\Specialist\1.Level.local\index.php:32

[11-09-2016 17:03:59] - Undefined index: id in D:\Roman\PHPProjects\Specialist\1.Level.local\index.php:32

[11-09-2016 17:07:36] - Undefined index: id in D:\Roman\PHPProjects\Specialist\1.Level.local\index.php:32

[11-09-2016 17:09:26] - Undefined index: id in D:\Roman\PHPProjects\Specialist\1.Level.local\index.php:32

[11-09-2016 17:12:44] - Undefined index: id in D:\Roman\PHPProjects\Specialist\1.Level.local\index.php:32

[11-09-2016 17:12:47] - Undefined index: id in D:\Roman\PHPProjects\Specialist\1.Level.local\index.php:32

[11-09-2016 17:19:01] - Undefined variable: id in D:\Roman\PHPProjects\Specialist\1.Level.local\index.php:35

[11-09-2016 17:19:01] - Undefined variable: id in D:\Roman\PHPProjects\Specialist\1.Level.local\index.php:39

[11-09-2016 17:19:01] - Undefined variable: id in D:\Roman\PHPProjects\Specialist\1.Level.local\index.php:43

[11-09-2016 17:19:01] - Undefined variable: id in D:\Roman\PHPProjects\Specialist\1.Level.local\index.php:47

[11-09-2016 17:19:01] - Undefined variable: id in D:\Roman\PHPProjects\Specialist\1.Level.local\index.php:82

[11-09-2016 17:19:01] - Undefined variable: id in D:\Roman\PHPProjects\Specialist\1.Level.local\index.php:85

[11-09-2016 17:19:01] - Undefined variable: id in D:\Roman\PHPProjects\Specialist\1.Level.local\index.php:88

[11-09-2016 17:19:01] - Undefined variable: id in D:\Roman\PHPProjects\Specialist\1.Level.local\index.php:91

[11-09-2016 17:23:30] - Undefined variable: id in D:\Roman\PHPProjects\Specialist\1.Level.local\index.php:35

[11-09-2016 17:23:30] - Undefined variable: id in D:\Roman\PHPProjects\Specialist\1.Level.local\index.php:39

[11-09-2016 17:23:30] - Undefined variable: id in D:\Roman\PHPProjects\Specialist\1.Level.local\index.php:43

[11-09-2016 17:23:30] - Undefined variable: id in D:\Roman\PHPProjects\Specialist\1.Level.local\index.php:47

[11-09-2016 17:23:30] - Undefined variable: id in D:\Roman\PHPProjects\Specialist\1.Level.local\index.php:82

[11-09-2016 17:23:30] - Undefined variable: id in D:\Roman\PHPProjects\Specialist\1.Level.local\index.php:85

[11-09-2016 17:23:30] - Undefined variable: id in D:\Roman\PHPProjects\Specialist\1.Level.local\index.php:88

[11-09-2016 17:23:30] - Undefined variable: id in D:\Roman\PHPProjects\Specialist\1.Level.local\index.php:91

[11-09-2016 17:38:23] - Undefined variable: cols in D:\Roman\PHPProjects\Specialist\1.Level.local\table.php:9

[11-09-2016 17:38:23] - Undefined variable: rows in D:\Roman\PHPProjects\Specialist\1.Level.local\table.php:10

[11-09-2016 17:38:23] - Undefined variable: color in D:\Roman\PHPProjects\Specialist\1.Level.local\table.php:11

[11-09-2016 17:38:55] - Undefined variable: cols in D:\Roman\PHPProjects\Specialist\1.Level.local\table.php:9

[11-09-2016 17:38:55] - Undefined variable: rows in D:\Roman\PHPProjects\Specialist\1.Level.local\table.php:10

[11-09-2016 17:38:55] - Undefined variable: color in D:\Roman\PHPProjects\Specialist\1.Level.local\table.php:11

[11-09-2016 17:45:29] - Undefined variable: cols in D:\Roman\PHPProjects\Specialist\1.Level.local\table.php:9

[11-09-2016 17:45:29] - Undefined variable: rows in D:\Roman\PHPProjects\Specialist\1.Level.local\table.php:10

[11-09-2016 17:45:29] - Undefined variable: color in D:\Roman\PHPProjects\Specialist\1.Level.local\table.php:11

[11-09-2016 18:34:56] - Undefined variable: cols in D:\Roman\PHPProjects\Specialist\1.Level.local\table.php:9

[11-09-2016 18:34:56] - Undefined variable: rows in D:\Roman\PHPProjects\Specialist\1.Level.local\table.php:10

[11-09-2016 18:34:56] - Undefined variable: color in D:\Roman\PHPProjects\Specialist\1.Level.local\table.php:11

[11-09-2016 18:35:35] - Undefined variable: cols in D:\Roman\PHPProjects\Specialist\1.Level.local\table.php:9

[11-09-2016 18:35:35] - Undefined variable: rows in D:\Roman\PHPProjects\Specialist\1.Level.local\table.php:10

[11-09-2016 18:35:35] - Undefined variable: color in D:\Roman\PHPProjects\Specialist\1.Level.local\table.php:11

[11-09-2016 18:37:03] - Undefined variable: cols in D:\Roman\PHPProjects\Specialist\1.Level.local\table.php:9

[11-09-2016 18:37:03] - Undefined variable: rows in D:\Roman\PHPProjects\Specialist\1.Level.local\table.php:10

[11-09-2016 18:37:03] - Undefined variable: color in D:\Roman\PHPProjects\Specialist\1.Level.local\table.php:11

[11-09-2016 18:40:15] - Undefined variable: cols in D:\Roman\PHPProjects\Specialist\1.Level.local\table.php:9

[11-09-2016 18:40:15] - Undefined variable: rows in D:\Roman\PHPProjects\Specialist\1.Level.local\table.php:10

[11-09-2016 18:40:15] - Undefined variable: color in D:\Roman\PHPProjects\Specialist\1.Level.local\table.php:11

